<?xml version="1.0" encoding="UTF-8"?>
<!-- Generated by org.testng.reporters.JUnitReportReporter -->
<testsuite hostname="ASUSVIVOBOOKS15" failures="0" tests="1" name="Assertions.UsingSoftAssert" time="4.523" errors="0" timestamp="2025-07-15T15:15:12 IST" skipped="0">
  <testcase classname="Assertions.UsingSoftAssert" name="scenario" time="4.523"/>
</testsuite> <!-- Assertions.UsingSoftAssert -->
