<?xml version="1.0" encoding="UTF-8"?>
<!-- Generated by org.testng.reporters.JUnitReportReporter -->
<testsuite hostname="ASUSVIVOBOOKS15" failures="0" tests="1" name="TestNG.Sample" time="0.011" errors="0" timestamp="2025-07-10T20:17:02 IST" skipped="0">
  <testcase classname="TestNG.Sample" name="test" time="0.011"/>
</testsuite> <!-- TestNG.Sample -->
