<?xml version="1.0" encoding="UTF-8"?>
<!-- Generated by org.testng.reporters.JUnitReportReporter -->
<testsuite hostname="ASUSVIVOBOOKS15" failures="0" tests="2" name="TestNG.Priority_Flag" time="0.004" errors="0" timestamp="2025-07-16T20:03:56 IST" skipped="0">
  <testcase classname="TestNG.Priority_Flag" name="register" time="0.002">
    <system-out>
      <![CDATA[register]]>
    </system-out>
  </testcase> <!-- register -->
  <testcase classname="TestNG.Priority_Flag" name="create" time="0.002">
    <system-out>
      <![CDATA[create]]>
    </system-out>
  </testcase> <!-- create -->
  <system-out>
    <![CDATA[create
register
create
register
register
register
register
create]]>
  </system-out>
</testsuite> <!-- TestNG.Priority_Flag -->
