<?xml version="1.0" encoding="UTF-8"?>
<!-- Generated by org.testng.reporters.JUnitReportReporter -->
<testsuite hostname="ASUSVIVOBOOKS15" failures="0" tests="1" name="UsingAnnotations.Using_Base_Class" time="0.007" errors="0" timestamp="2025-07-16T14:58:26 IST" skipped="0">
  <testcase classname="UsingAnnotations.Using_Base_Class" name="demotest" time="0.007"/>
</testsuite> <!-- UsingAnnotations.Using_Base_Class -->
