<?xml version="1.0" encoding="UTF-8"?>
<!-- Generated by org.testng.reporters.JUnitReportReporter -->
<testsuite hostname="ASUSVIVOBOOKS15" failures="0" tests="4" name="TestNG.Using_Invocation_Count" time="0.009" errors="0" timestamp="2025-07-16T20:03:56 IST" skipped="0">
  <testcase classname="TestNG.Using_Invocation_Count" name="register" time="0.003"/>
  <testcase classname="TestNG.Using_Invocation_Count" name="search" time="0.001"/>
  <testcase classname="TestNG.Using_Invocation_Count" name="search" time="0.002"/>
  <testcase classname="TestNG.Using_Invocation_Count" name="search" time="0.003"/>
  <system-out>
    <![CDATA[create
register
create
register
register
register
register
create]]>
  </system-out>
</testsuite> <!-- TestNG.Using_Invocation_Count -->
