<?xml version="1.0" encoding="UTF-8"?>
<!-- Generated by org.testng.reporters.JUnitReportReporter -->
<testsuite hostname="ASUSVIVOBOOKS15" failures="0" tests="1" name="TestNG.Task" time="5.860" errors="0" timestamp="2025-07-11T18:38:16 IST" skipped="0">
  <testcase classname="TestNG.Task" name="login" time="5.860"/>
</testsuite> <!-- TestNG.Task -->
