<?xml version="1.0" encoding="UTF-8"?>
<!-- Generated by org.testng.reporters.JUnitReportReporter -->
<testsuite hostname="ASUSVIVOBOOKS15" failures="0" tests="4" name="TestNG.Thread_Pool_Size" time="0.015" errors="0" timestamp="2025-07-16T20:03:56 IST" skipped="0">
  <testcase classname="TestNG.Thread_Pool_Size" name="register" time="0.003">
    <system-out>
      <![CDATA[register]]>
    </system-out>
  </testcase> <!-- register -->
  <testcase classname="TestNG.Thread_Pool_Size" name="register" time="0.006">
    <system-out>
      <![CDATA[register]]>
    </system-out>
  </testcase> <!-- register -->
  <testcase classname="TestNG.Thread_Pool_Size" name="create" time="0.001">
    <system-out>
      <![CDATA[create]]>
    </system-out>
  </testcase> <!-- create -->
  <testcase classname="TestNG.Thread_Pool_Size" name="register" time="0.005">
    <system-out>
      <![CDATA[register]]>
    </system-out>
  </testcase> <!-- register -->
  <system-out>
    <![CDATA[create
register
create
register
register
register
register
create]]>
  </system-out>
</testsuite> <!-- TestNG.Thread_Pool_Size -->
