<?xml version="1.0" encoding="UTF-8"?>
<!-- Generated by org.testng.reporters.JUnitReportReporter -->
<testsuite hostname="ASUSVIVOBOOKS15" failures="0" tests="3" name="Assertions.DataProvidersEx" time="22.205" errors="0" timestamp="2025-07-16T13:42:11 IST" skipped="0">
  <testcase classname="Assertions.DataProvidersEx" name="Test" time="7.041"/>
  <testcase classname="Assertions.DataProvidersEx" name="Test" time="7.689"/>
  <testcase classname="Assertions.DataProvidersEx" name="Test" time="7.475"/>
</testsuite> <!-- Assertions.DataProvidersEx -->
