<?xml version="1.0" encoding="UTF-8"?>
<!-- Generated by org.testng.reporters.JUnitReportReporter -->
<testsuite hostname="ASUSVIVOBOOKS15" failures="0" tests="1" name="ListenersUtilization.TestExecution" time="0.007" errors="0" timestamp="2025-07-17T14:46:50 IST" skipped="0">
  <testcase classname="ListenersUtilization.TestExecution" name="demo" time="0.007"/>
</testsuite> <!-- ListenersUtilization.TestExecution -->
