<?xml version="1.0" encoding="UTF-8"?>
<!-- Generated by org.testng.reporters.JUnitReportReporter -->
<testsuite hostname="ASUSVIVOBOOKS15" failures="0" tests="3" name="TestNG.Using_Depend_On_Method" time="0.004" errors="0" timestamp="2025-07-16T20:03:09 IST" skipped="0">
  <testcase classname="TestNG.Using_Depend_On_Method" name="search" time="0.001">
    <system-out>
      <![CDATA[search]]>
    </system-out>
  </testcase> <!-- search -->
  <testcase classname="TestNG.Using_Depend_On_Method" name="login" time="0.001">
    <system-out>
      <![CDATA[login]]>
    </system-out>
  </testcase> <!-- login -->
  <testcase classname="TestNG.Using_Depend_On_Method" name="register" time="0.002">
    <system-out>
      <![CDATA[register]]>
    </system-out>
  </testcase> <!-- register -->
  <system-out>
    <![CDATA[create
register
create
login
register
register
register
register
login
search
register
login
create]]>
  </system-out>
</testsuite> <!-- TestNG.Using_Depend_On_Method -->
