<?xml version="1.0" encoding="UTF-8"?>
<!-- Generated by org.testng.reporters.JUnitReportReporter -->
<testsuite hostname="ASUSVIVOBOOKS15" failures="0" tests="3" name="TestNG.Using_Enabled" time="0.024" errors="0" timestamp="2025-07-16T20:23:31 IST" skipped="0">
  <testcase classname="TestNG.Using_Enabled" name="create" time="0.018">
    <system-out>
      <![CDATA[create]]>
    </system-out>
  </testcase> <!-- create -->
  <testcase classname="TestNG.Using_Enabled" name="register" time="0.001">
    <system-out>
      <![CDATA[register]]>
    </system-out>
  </testcase> <!-- register -->
  <testcase classname="TestNG.Using_Enabled" name="login" time="0.005">
    <system-out>
      <![CDATA[login]]>
    </system-out>
  </testcase> <!-- login -->
  <system-out>
    <![CDATA[create
login
register]]>
  </system-out>
</testsuite> <!-- TestNG.Using_Enabled -->
